<?xml version="1.0" encoding="UTF-8"?>
<!-- Generated by org.testng.reporters.JUnitXMLReporter -->
<testsuite ignored="2" hostname="ayush_dell" failures="0" tests="0" time="0.013" errors="0" timestamp="2024-06-15T15:08:26 IST">
  <testcase classname="AutomationTestingFrameworkLearn.SeleniumFrameworkDesign.ErrorValidations" name="ProductErrorValidation" time="0.0">
    <ignored/>
  </testcase> <!-- ProductErrorValidation -->
  <testcase classname="AutomationTestingFrameworkLearn.SeleniumFrameworkDesign.ErrorValidations" name="LoginErrorValidation" time="0.0">
    <ignored/>
  </testcase> <!-- LoginErrorValidation -->
</testsuite>
