<?xml version="1.0" encoding="UTF-8"?>
<!-- Generated by org.testng.reporters.JUnitXMLReporter -->
<testsuite ignored="1" hostname="ayush_dell" failures="0" tests="2" name="submit order test" time="74.698" errors="0" timestamp="2024-06-15T15:09:40 IST">
  <testcase classname="AutomationTestingFrameworkLearn.SeleniumFrameworkDesign.SubmitOrderTest" name="submitOrder" time="32.417"/>
  <testcase classname="AutomationTestingFrameworkLearn.SeleniumFrameworkDesign.SubmitOrderTest" name="submitOrder" time="33.468"/>
  <testcase classname="AutomationTestingFrameworkLearn.SeleniumFrameworkDesign.SubmitOrderTest" name="OrderHistoryTest" time="0.0">
    <ignored/>
  </testcase> <!-- OrderHistoryTest -->
</testsuite> <!-- submit order test -->
